<?xml version="1.0" encoding="UTF-8"?>
<!-- Generated by org.testng.reporters.JUnitReportReporter -->
<testsuite hostname="Basma" failures="0" tests="1" name="Tests.ExtentReportWithTestNG" time="4.327" errors="0" timestamp="2024-10-11T14:18:28 BST" skipped="0">
  <testcase classname="Tests.ExtentReportWithTestNG" name="test1" time="4.327"/>
</testsuite> <!-- Tests.ExtentReportWithTestNG -->
