<?xml version="1.0" encoding="UTF-8"?>
<!-- Generated by org.testng.reporters.JUnitReportReporter -->
<testsuite hostname="Basma" failures="0" tests="2" name="Tests.GoogleSearchTest" time="14.394" errors="0" timestamp="2024-10-15T14:40:38 BST" skipped="1">
  <testcase classname="Tests.GoogleSearchTest" name="GoogleSearch" time="14.394"/>
  <testcase classname="Tests.GoogleSearchTest" name="GoogleSearch2">
    <skipped/>
  </testcase> <!-- GoogleSearch2 -->
</testsuite> <!-- Tests.GoogleSearchTest -->
