<?xml version="1.0" encoding="UTF-8"?>
<!-- Generated by org.testng.reporters.JUnitReportReporter -->
<testsuite hostname="Basma" failures="0" tests="1" name="Tests.FileUpload" time="23.864" errors="0" timestamp="2024-10-16T11:30:00 BST" skipped="0">
  <testcase classname="Tests.FileUpload" name="testUpload" time="23.864"/>
</testsuite> <!-- Tests.FileUpload -->
