<?xml version="1.0" encoding="UTF-8"?>
<!-- Generated by org.testng.reporters.JUnitReportReporter -->
<testsuite hostname="Basma" failures="0" tests="3" name="Tests.OrangeHRMTests" time="2.734" errors="0" timestamp="2024-10-10T12:30:54 BST" skipped="0">
  <testcase classname="Tests.OrangeHRMTests" name="LoginTest" time="0.391"/>
  <testcase classname="Tests.OrangeHRMTests" name="LoginTest" time="0.378"/>
  <testcase classname="Tests.OrangeHRMTests" name="LoginTest" time="1.965"/>
</testsuite> <!-- Tests.OrangeHRMTests -->
