<?xml version="1.0" encoding="UTF-8"?>
<!-- Generated by org.testng.reporters.JUnitReportReporter -->
<testsuite hostname="Basma" failures="0" tests="2" name="Utilities.DataDrivenProvider" time="0.007" errors="0" timestamp="2024-10-10T12:13:50 BST" skipped="0">
  <testcase classname="Utilities.DataDrivenProvider" name="LoginTest" time="0.006"/>
  <testcase classname="Utilities.DataDrivenProvider" name="LoginTest" time="0.001"/>
</testsuite> <!-- Utilities.DataDrivenProvider -->
